<?xml version="1.0" encoding="UTF-8"?>
<testng-results skipped="0" failed="0" ignored="0" total="1" passed="1">
  <reporter-output>
  </reporter-output>
  <suite name="Default suite" duration-ms="20442" started-at="2019-03-08T08:48:22Z" finished-at="2019-03-08T08:48:42Z">
    <groups>
    </groups>
    <test name="Default test" duration-ms="20442" started-at="2019-03-08T08:48:22Z" finished-at="2019-03-08T08:48:42Z">
      <class name="com.training.sanity.tests.PostTests">
        <test-method status="PASS" signature="setUpBeforeClass()[pri:0, instance:com.training.sanity.tests.PostTests@47c62251]" name="setUpBeforeClass" is-config="true" duration-ms="15" started-at="2019-03-08T08:48:22Z" finished-at="2019-03-08T08:48:22Z">
          <reporter-output>
          </reporter-output>
        </test-method> <!-- setUpBeforeClass -->
        <test-method status="PASS" signature="setUp()[pri:0, instance:com.training.sanity.tests.PostTests@47c62251]" name="setUp" is-config="true" duration-ms="12423" started-at="2019-03-08T08:48:22Z" finished-at="2019-03-08T08:48:34Z">
          <reporter-output>
          </reporter-output>
        </test-method> <!-- setUp -->
        <test-method status="PASS" signature="validLoginTest()[pri:0, instance:com.training.sanity.tests.PostTests@47c62251]" name="validLoginTest" duration-ms="4042" started-at="2019-03-08T08:48:34Z" finished-at="2019-03-08T08:48:38Z">
          <reporter-output>
          </reporter-output>
        </test-method> <!-- validLoginTest -->
        <test-method status="PASS" signature="tearDown()[pri:0, instance:com.training.sanity.tests.PostTests@47c62251]" name="tearDown" is-config="true" duration-ms="3928" started-at="2019-03-08T08:48:38Z" finished-at="2019-03-08T08:48:42Z">
          <reporter-output>
          </reporter-output>
        </test-method> <!-- tearDown -->
      </class> <!-- com.training.sanity.tests.PostTests -->
    </test> <!-- Default test -->
  </suite> <!-- Default suite -->
</testng-results>
